2018-10-11 16:54:50,080 INFO o.a.j.u.JMeterUtils: Setting Locale to zh-cn
2018-10-11 16:54:50,114 ERROR o.a.j.u.JMeterUtils: Could not find resources for 'zh-cn'
2018-10-11 16:54:50,115 INFO o.a.j.JMeter: Loading user properties from: /Users/didi/software/apache-jmeter-5.0/bin/user.properties
2018-10-11 16:54:50,116 INFO o.a.j.JMeter: Loading system properties from: /Users/didi/software/apache-jmeter-5.0/bin/system.properties
2018-10-11 16:54:50,123 INFO o.a.j.JMeter: Copyright (c) 1998-2018 The Apache Software Foundation
2018-10-11 16:54:50,124 INFO o.a.j.JMeter: Version 5.0 r1840935
2018-10-11 16:54:50,124 INFO o.a.j.JMeter: java.version=11
2018-10-11 16:54:50,124 INFO o.a.j.JMeter: java.vm.name=Java HotSpot(TM) 64-Bit Server VM
2018-10-11 16:54:50,124 INFO o.a.j.JMeter: os.name=Mac OS X
2018-10-11 16:54:50,124 INFO o.a.j.JMeter: os.arch=x86_64
2018-10-11 16:54:50,124 INFO o.a.j.JMeter: os.version=10.13.6
2018-10-11 16:54:50,124 INFO o.a.j.JMeter: file.encoding=UTF-8
2018-10-11 16:54:50,124 INFO o.a.j.JMeter: Max memory     =1073741824
2018-10-11 16:54:50,125 INFO o.a.j.JMeter: Available Processors =4
2018-10-11 16:54:50,140 INFO o.a.j.JMeter: Default Locale=English (EN)
2018-10-11 16:54:50,140 INFO o.a.j.JMeter: JMeter  Locale=zh-cn
2018-10-11 16:54:50,140 INFO o.a.j.JMeter: JMeterHome=/Users/didi/software/apache-jmeter-5.0
2018-10-11 16:54:50,141 INFO o.a.j.JMeter: user.dir  =/Users/didi/web/design_web
2018-10-11 16:54:50,141 INFO o.a.j.JMeter: PWD       =/Users/didi/web/design_web
2018-10-11 16:54:50,174 INFO o.a.j.JMeter: IP: 172.23.232.100 Name: bogon FullName: bogon
2018-10-11 16:54:52,776 INFO o.a.j.g.a.LookAndFeelCommand: Installing Darcula LAF
2018-10-11 16:54:52,795 INFO o.a.j.g.a.LookAndFeelCommand: Using look and feel: javax.swing.plaf.metal.MetalLookAndFeel [Darcula]
2018-10-11 16:54:52,795 INFO o.a.j.JMeter: Setting LAF to: javax.swing.plaf.metal.MetalLookAndFeel
2018-10-11 16:54:52,826 INFO o.a.j.JMeter: Loaded icon properties from org/apache/jmeter/images/icon.properties
2018-10-11 16:54:53,467 INFO o.a.j.e.u.CompoundVariable: Note: Function class names must contain the string: '.functions.'
2018-10-11 16:54:53,468 INFO o.a.j.e.u.CompoundVariable: Note: Function class names must not contain the string: '.gui.'
2018-10-11 16:54:55,535 INFO o.a.j.p.h.s.HTTPSamplerBase: Parser for text/html is org.apache.jmeter.protocol.http.parser.LagartoBasedHtmlParser
2018-10-11 16:54:55,536 INFO o.a.j.p.h.s.HTTPSamplerBase: Parser for application/xhtml+xml is org.apache.jmeter.protocol.http.parser.LagartoBasedHtmlParser
2018-10-11 16:54:55,536 INFO o.a.j.p.h.s.HTTPSamplerBase: Parser for application/xml is org.apache.jmeter.protocol.http.parser.LagartoBasedHtmlParser
2018-10-11 16:54:55,537 INFO o.a.j.p.h.s.HTTPSamplerBase: Parser for text/xml is org.apache.jmeter.protocol.http.parser.LagartoBasedHtmlParser
2018-10-11 16:54:55,537 INFO o.a.j.p.h.s.HTTPSamplerBase: Parser for text/vnd.wap.wml is org.apache.jmeter.protocol.http.parser.RegexpHTMLParser
2018-10-11 16:54:55,537 INFO o.a.j.p.h.s.HTTPSamplerBase: Parser for text/css is org.apache.jmeter.protocol.http.parser.CssParser
2018-10-11 16:54:56,315 INFO o.a.j.e.KeyToolUtils: keytool found at 'keytool'
2018-10-11 16:54:56,315 INFO o.a.j.p.h.p.ProxyControl: HTTP(S) Test Script Recorder SSL Proxy will use keys that support embedded 3rd party resources in file /Users/didi/software/apache-jmeter-5.0/bin/proxyserver.jks
2018-10-11 16:54:56,539 INFO o.a.j.s.FileServer: Default base='/Users/didi/web/design_web'
2018-10-11 16:54:56,916 INFO o.a.j.s.SampleResult: Note: Sample TimeStamps are START times
2018-10-11 16:54:56,916 INFO o.a.j.s.SampleResult: sampleresult.default.encoding is set to ISO-8859-1
2018-10-11 16:54:56,916 INFO o.a.j.s.SampleResult: sampleresult.useNanoTime=true
2018-10-11 16:54:56,916 INFO o.a.j.s.SampleResult: sampleresult.nanoThreadSleep=5000
2018-10-11 16:54:56,940 WARN o.a.j.v.ViewResultsFullVisualizer: Error loading result renderer: org.apache.jmeter.visualizers.RenderInBrowser
java.lang.NoClassDefFoundError: javafx/embed/swing/JFXPanel
	at java.lang.Class.forName0(Native Method) ~[?:?]
	at java.lang.Class.forName(Class.java:315) ~[?:?]
	at org.apache.jmeter.visualizers.ViewResultsFullVisualizer.createComboRender(ViewResultsFullVisualizer.java:462) [ApacheJMeter_components.jar:5.0 r1840935]
	at org.apache.jmeter.visualizers.ViewResultsFullVisualizer.createLeftPanel(ViewResultsFullVisualizer.java:430) [ApacheJMeter_components.jar:5.0 r1840935]
	at org.apache.jmeter.visualizers.ViewResultsFullVisualizer.init(ViewResultsFullVisualizer.java:342) [ApacheJMeter_components.jar:5.0 r1840935]
	at org.apache.jmeter.visualizers.ViewResultsFullVisualizer.<init>(ViewResultsFullVisualizer.java:147) [ApacheJMeter_components.jar:5.0 r1840935]
	at jdk.internal.reflect.NativeConstructorAccessorImpl.newInstance0(Native Method) ~[?:?]
	at jdk.internal.reflect.NativeConstructorAccessorImpl.newInstance(NativeConstructorAccessorImpl.java:62) ~[?:?]
	at jdk.internal.reflect.DelegatingConstructorAccessorImpl.newInstance(DelegatingConstructorAccessorImpl.java:45) ~[?:?]
	at java.lang.reflect.Constructor.newInstance(Constructor.java:490) ~[?:?]
	at java.lang.Class.newInstance(Class.java:584) [?:?]
	at org.apache.jmeter.gui.util.MenuFactory.getGUIComponent(MenuFactory.java:174) [ApacheJMeter_core.jar:5.0 r1840935]
	at org.apache.jmeter.gui.util.MenuFactory.initializeMenus(MenuFactory.java:141) [ApacheJMeter_core.jar:5.0 r1840935]
	at org.apache.jmeter.gui.util.MenuFactory.<clinit>(MenuFactory.java:106) [ApacheJMeter_core.jar:5.0 r1840935]
	at org.apache.jmeter.control.gui.TestPlanGui.createPopupMenu(TestPlanGui.java:92) [ApacheJMeter_core.jar:5.0 r1840935]
	at org.apache.jmeter.gui.tree.JMeterTreeNode.createPopupMenu(JMeterTreeNode.java:184) [ApacheJMeter_core.jar:5.0 r1840935]
	at org.apache.jmeter.gui.action.EditCommand.doAction(EditCommand.java:46) [ApacheJMeter_core.jar:5.0 r1840935]
	at org.apache.jmeter.gui.action.ActionRouter.performAction(ActionRouter.java:88) [ApacheJMeter_core.jar:5.0 r1840935]
	at org.apache.jmeter.gui.action.ActionRouter.lambda$actionPerformed$0(ActionRouter.java:70) [ApacheJMeter_core.jar:5.0 r1840935]
	at java.awt.event.InvocationEvent.dispatch(InvocationEvent.java:313) [?:?]
	at java.awt.EventQueue.dispatchEventImpl(EventQueue.java:770) [?:?]
	at java.awt.EventQueue$4.run(EventQueue.java:721) [?:?]
	at java.awt.EventQueue$4.run(EventQueue.java:715) [?:?]
	at java.security.AccessController.doPrivileged(Native Method) [?:?]
	at java.security.ProtectionDomain$JavaSecurityAccessImpl.doIntersectionPrivilege(ProtectionDomain.java:85) [?:?]
	at java.awt.EventQueue.dispatchEvent(EventQueue.java:740) [?:?]
	at java.awt.EventDispatchThread.pumpOneEventForFilters(EventDispatchThread.java:203) [?:?]
	at java.awt.EventDispatchThread.pumpEventsForFilter(EventDispatchThread.java:124) [?:?]
	at java.awt.EventDispatchThread.pumpEventsForHierarchy(EventDispatchThread.java:113) [?:?]
	at java.awt.EventDispatchThread.pumpEvents(EventDispatchThread.java:109) [?:?]
	at java.awt.EventDispatchThread.pumpEvents(EventDispatchThread.java:101) [?:?]
	at java.awt.EventDispatchThread.run(EventDispatchThread.java:90) [?:?]
Caused by: java.lang.ClassNotFoundException: javafx.embed.swing.JFXPanel
	at java.net.URLClassLoader.findClass(URLClassLoader.java:471) ~[?:?]
	at java.lang.ClassLoader.loadClass(ClassLoader.java:588) ~[?:?]
	at java.lang.ClassLoader.loadClass(ClassLoader.java:521) ~[?:?]
	... 32 more
